This file contains any messages produced by compilers while
running configure, to aid debugging if configure makes a mistake.

It was created by configure, which was
generated by GNU Autoconf 2.59.  Invocation command line was

  $ configure 

## --------- ##
## Platform. ##
## --------- ##

hostname = ppepc142.physics.gla.ac.uk
uname -m = x86_64
uname -r = 2.6.18-402.el5
uname -s = Linux
uname -v = #1 SMP Tue Feb 10 17:39:08 CST 2015

/usr/bin/uname -p = unknown
/bin/uname -X     = unknown

/bin/arch              = x86_64
/usr/bin/arch -k       = unknown
/usr/convex/getsysinfo = unknown
hostinfo               = unknown
/bin/machine           = unknown
/usr/bin/oslevel       = unknown
/bin/universe          = unknown

PATH: /afs/phas.gla.ac.uk/user/p/phallsjo/nuSTORM/third_party/bhep/bin
PATH: /afs/phas.gla.ac.uk/user/p/phallsjo/clhep/bin
PATH: /afs/phas.gla.ac.uk/user/p/phallsjo/nuSTORM/third_party/bin
PATH: /afs/phas.gla.ac.uk/user/p/phallsjo/nuSTORM/third_party/bin
PATH: /afs/phas.gla.ac.uk/user/p/phallsjo/nuSTORM/third_party/genie_source/src/scripts/build/ext/v5_34_10/download/root/bin
PATH: /opt/glasgow/bin
PATH: /usr/lib64/qt-3.3/bin
PATH: /usr/kerberos/bin
PATH: /usr/local/bin
PATH: /bin
PATH: /usr/bin
PATH: /var/cfengine/bin
PATH: /usr/java/jdk1.6.0_41/bin
PATH: /usr/java/apache-ant-1.7.1/bin
PATH: /opt/real/RealPlayer
PATH: /afs/phas.gla.ac.uk/user/p/phallsjo/bin


## ----------- ##
## Core tests. ##
## ----------- ##

configure:1529: checking build system type
configure:1547: result: x86_64-redhat-linux-gnu
configure:1555: checking host system type
configure:1569: result: x86_64-redhat-linux-gnu
configure:1577: checking target system type
configure:1591: result: x86_64-redhat-linux-gnu
configure:1620: checking for a BSD-compatible install
configure:1675: result: /usr/bin/install -c
configure:1686: checking whether build environment is sane
configure:1729: result: yes
configure:1794: checking for gawk
configure:1810: found /bin/gawk
configure:1820: result: gawk
configure:1830: checking whether make sets $(MAKE)
configure:1850: result: yes
configure:2022: checking whether make sets $(MAKE)
configure:2042: result: yes
configure:2105: checking for gcc
configure:2121: found /usr/bin/gcc
configure:2131: result: gcc
configure:2375: checking for C compiler version
configure:2378: gcc --version </dev/null >&5
gcc (GCC) 4.1.2 20080704 (Red Hat 4.1.2-55)
Copyright (C) 2006 Free Software Foundation, Inc.
This is free software; see the source for copying conditions.  There is NO
warranty; not even for MERCHANTABILITY or FITNESS FOR A PARTICULAR PURPOSE.

configure:2381: $? = 0
configure:2383: gcc -v </dev/null >&5
Using built-in specs.
Target: x86_64-redhat-linux
Configured with: ../configure --prefix=/usr --mandir=/usr/share/man --infodir=/usr/share/info --enable-shared --enable-threads=posix --enable-checking=release --with-system-zlib --enable-__cxa_atexit --disable-libunwind-exceptions --enable-libgcj-multifile --enable-languages=c,c++,objc,obj-c++,java,fortran,ada --enable-java-awt=gtk --disable-dssi --disable-plugin --with-java-home=/usr/lib/jvm/java-1.4.2-gcj-1.4.2.0/jre --with-cpu=generic --host=x86_64-redhat-linux
Thread model: posix
gcc version 4.1.2 20080704 (Red Hat 4.1.2-55)
configure:2386: $? = 0
configure:2388: gcc -V </dev/null >&5
gcc: '-V' option must have argument
configure:2391: $? = 1
configure:2414: checking for C compiler default output file name
configure:2417: gcc    conftest.c  >&5
configure:2420: $? = 0
configure:2466: result: a.out
configure:2471: checking whether the C compiler works
configure:2477: ./a.out
configure:2480: $? = 0
configure:2497: result: yes
configure:2504: checking whether we are cross compiling
configure:2506: result: no
configure:2509: checking for suffix of executables
configure:2511: gcc -o conftest    conftest.c  >&5
configure:2514: $? = 0
configure:2539: result: 
configure:2545: checking for suffix of object files
configure:2566: gcc -c   conftest.c >&5
configure:2569: $? = 0
configure:2591: result: o
configure:2595: checking whether we are using the GNU C compiler
configure:2619: gcc -c   conftest.c >&5
configure:2625: $? = 0
configure:2629: test -z 
			 || test ! -s conftest.err
configure:2632: $? = 0
configure:2635: test -s conftest.o
configure:2638: $? = 0
configure:2651: result: yes
configure:2657: checking whether gcc accepts -g
configure:2678: gcc -c -g  conftest.c >&5
configure:2684: $? = 0
configure:2688: test -z 
			 || test ! -s conftest.err
configure:2691: $? = 0
configure:2694: test -s conftest.o
configure:2697: $? = 0
configure:2708: result: yes
configure:2725: checking for gcc option to accept ANSI C
configure:2795: gcc  -c -g -O2  conftest.c >&5
configure:2801: $? = 0
configure:2805: test -z 
			 || test ! -s conftest.err
configure:2808: $? = 0
configure:2811: test -s conftest.o
configure:2814: $? = 0
configure:2832: result: none needed
configure:2850: gcc -c -g -O2  conftest.c >&5
conftest.c:2: error: expected '=', ',', ';', 'asm' or '__attribute__' before 'me'
configure:2856: $? = 1
configure: failed program was:
| #ifndef __cplusplus
|   choke me
| #endif
configure:3000: checking for style of include used by make
configure:3028: result: GNU
configure:3056: checking dependency style of gcc
configure:3146: result: gcc3
configure:3168: checking how to run the C preprocessor
configure:3203: gcc -E  conftest.c
configure:3209: $? = 0
configure:3241: gcc -E  conftest.c
conftest.c:11:28: error: ac_nonexistent.h: No such file or directory
configure:3247: $? = 1
configure: failed program was:
| /* confdefs.h.  */
| 
| #define PACKAGE_NAME ""
| #define PACKAGE_TARNAME ""
| #define PACKAGE_VERSION ""
| #define PACKAGE_STRING ""
| #define PACKAGE_BUGREPORT ""
| #define PACKAGE "digi"
| #define VERSION "v0r1p0"
| /* end confdefs.h.  */
| #include <ac_nonexistent.h>
configure:3286: result: gcc -E
configure:3310: gcc -E  conftest.c
configure:3316: $? = 0
configure:3348: gcc -E  conftest.c
conftest.c:11:28: error: ac_nonexistent.h: No such file or directory
configure:3354: $? = 1
configure: failed program was:
| /* confdefs.h.  */
| 
| #define PACKAGE_NAME ""
| #define PACKAGE_TARNAME ""
| #define PACKAGE_VERSION ""
| #define PACKAGE_STRING ""
| #define PACKAGE_BUGREPORT ""
| #define PACKAGE "digi"
| #define VERSION "v0r1p0"
| /* end confdefs.h.  */
| #include <ac_nonexistent.h>
configure:3449: checking for g++
configure:3465: found /usr/bin/g++
configure:3475: result: g++
configure:3491: checking for C++ compiler version
configure:3494: g++ --version </dev/null >&5
g++ (GCC) 4.1.2 20080704 (Red Hat 4.1.2-55)
Copyright (C) 2006 Free Software Foundation, Inc.
This is free software; see the source for copying conditions.  There is NO
warranty; not even for MERCHANTABILITY or FITNESS FOR A PARTICULAR PURPOSE.

configure:3497: $? = 0
configure:3499: g++ -v </dev/null >&5
Using built-in specs.
Target: x86_64-redhat-linux
Configured with: ../configure --prefix=/usr --mandir=/usr/share/man --infodir=/usr/share/info --enable-shared --enable-threads=posix --enable-checking=release --with-system-zlib --enable-__cxa_atexit --disable-libunwind-exceptions --enable-libgcj-multifile --enable-languages=c,c++,objc,obj-c++,java,fortran,ada --enable-java-awt=gtk --disable-dssi --disable-plugin --with-java-home=/usr/lib/jvm/java-1.4.2-gcj-1.4.2.0/jre --with-cpu=generic --host=x86_64-redhat-linux
Thread model: posix
gcc version 4.1.2 20080704 (Red Hat 4.1.2-55)
configure:3502: $? = 0
configure:3504: g++ -V </dev/null >&5
g++: '-V' option must have argument
configure:3507: $? = 1
configure:3510: checking whether we are using the GNU C++ compiler
configure:3534: g++ -c   conftest.cc >&5
configure:3540: $? = 0
configure:3544: test -z 
			 || test ! -s conftest.err
configure:3547: $? = 0
configure:3550: test -s conftest.o
configure:3553: $? = 0
configure:3566: result: yes
configure:3572: checking whether g++ accepts -g
configure:3593: g++ -c -g  conftest.cc >&5
configure:3599: $? = 0
configure:3603: test -z 
			 || test ! -s conftest.err
configure:3606: $? = 0
configure:3609: test -s conftest.o
configure:3612: $? = 0
configure:3623: result: yes
configure:3665: g++ -c -g -O2  conftest.cc >&5
configure:3671: $? = 0
configure:3675: test -z 
			 || test ! -s conftest.err
configure:3678: $? = 0
configure:3681: test -s conftest.o
configure:3684: $? = 0
configure:3710: g++ -c -g -O2  conftest.cc >&5
conftest.cc: In function 'int main()':
conftest.cc:15: error: 'exit' was not declared in this scope
configure:3716: $? = 1
configure: failed program was:
| /* confdefs.h.  */
| 
| #define PACKAGE_NAME ""
| #define PACKAGE_TARNAME ""
| #define PACKAGE_VERSION ""
| #define PACKAGE_STRING ""
| #define PACKAGE_BUGREPORT ""
| #define PACKAGE "digi"
| #define VERSION "v0r1p0"
| /* end confdefs.h.  */
| 
| int
| main ()
| {
| exit (42);
|   ;
|   return 0;
| }
configure:3665: g++ -c -g -O2  conftest.cc >&5
configure:3671: $? = 0
configure:3675: test -z 
			 || test ! -s conftest.err
configure:3678: $? = 0
configure:3681: test -s conftest.o
configure:3684: $? = 0
configure:3710: g++ -c -g -O2  conftest.cc >&5
configure:3716: $? = 0
configure:3720: test -z 
			 || test ! -s conftest.err
configure:3723: $? = 0
configure:3726: test -s conftest.o
configure:3729: $? = 0
configure:3754: checking dependency style of g++
configure:3844: result: gcc3
configure:3863: checking whether current system is supported
configure:3944: checking for a sed that does not truncate output
configure:4000: result: /bin/sed
configure:4003: checking for egrep
configure:4013: result: grep -E
configure:4029: checking for ld used by gcc
configure:4096: result: /usr/bin/ld
configure:4105: checking if the linker (/usr/bin/ld) is GNU ld
configure:4120: result: yes
configure:4125: checking for /usr/bin/ld option to reload object files
configure:4132: result: -r
configure:4150: checking for BSD-compatible nm
configure:4199: result: /usr/bin/nm -B
configure:4203: checking whether ln -s works
configure:4207: result: yes
configure:4214: checking how to recognise dependent libraries
configure:4390: result: pass_all
configure:4478: g++ -c -g -O2  conftest.cc >&5
configure:4481: $? = 0
configure:4623: checking for ANSI C header files
configure:4648: g++ -c -g -O2  conftest.cc >&5
configure:4654: $? = 0
configure:4658: test -z 
			 || test ! -s conftest.err
configure:4661: $? = 0
configure:4664: test -s conftest.o
configure:4667: $? = 0
configure: line 4689: conftest.cc: command not found
configure:4779: result: no
configure:4803: checking for sys/types.h
configure:4819: g++ -c -g -O2  conftest.cc >&5
configure:4825: $? = 0
configure:4829: test -z 
			 || test ! -s conftest.err
configure:4832: $? = 0
configure:4835: test -s conftest.o
configure:4838: $? = 0
configure:4849: result: yes
configure:4803: checking for sys/stat.h
configure:4819: g++ -c -g -O2  conftest.cc >&5
configure:4825: $? = 0
configure:4829: test -z 
			 || test ! -s conftest.err
configure:4832: $? = 0
configure:4835: test -s conftest.o
configure:4838: $? = 0
configure:4849: result: yes
configure:4803: checking for stdlib.h
configure:4819: g++ -c -g -O2  conftest.cc >&5
configure:4825: $? = 0
configure:4829: test -z 
			 || test ! -s conftest.err
configure:4832: $? = 0
configure:4835: test -s conftest.o
configure:4838: $? = 0
configure:4849: result: yes
configure:4803: checking for string.h
configure:4819: g++ -c -g -O2  conftest.cc >&5
configure:4825: $? = 0
configure:4829: test -z 
			 || test ! -s conftest.err
configure:4832: $? = 0
configure:4835: test -s conftest.o
configure:4838: $? = 0
configure:4849: result: yes
configure:4803: checking for memory.h
configure:4819: g++ -c -g -O2  conftest.cc >&5
configure:4825: $? = 0
configure:4829: test -z 
			 || test ! -s conftest.err
configure:4832: $? = 0
configure:4835: test -s conftest.o
configure:4838: $? = 0
configure:4849: result: yes
configure:4803: checking for strings.h
configure:4819: g++ -c -g -O2  conftest.cc >&5
configure:4825: $? = 0
configure:4829: test -z 
			 || test ! -s conftest.err
configure:4832: $? = 0
configure:4835: test -s conftest.o
configure:4838: $? = 0
configure:4849: result: yes
configure:4803: checking for inttypes.h
configure:4819: g++ -c -g -O2  conftest.cc >&5
configure:4825: $? = 0
configure:4829: test -z 
			 || test ! -s conftest.err
configure:4832: $? = 0
configure:4835: test -s conftest.o
configure:4838: $? = 0
configure:4849: result: yes
configure:4803: checking for stdint.h
configure:4819: g++ -c -g -O2  conftest.cc >&5
configure:4825: $? = 0
configure:4829: test -z 
			 || test ! -s conftest.err
configure:4832: $? = 0
configure:4835: test -s conftest.o
configure:4838: $? = 0
configure:4849: result: yes
configure:4803: checking for unistd.h
configure:4819: g++ -c -g -O2  conftest.cc >&5
configure:4825: $? = 0
configure:4829: test -z 
			 || test ! -s conftest.err
configure:4832: $? = 0
configure:4835: test -s conftest.o
configure:4838: $? = 0
configure:4849: result: yes
configure:4875: checking dlfcn.h usability
configure:4887: g++ -c -g -O2  conftest.cc >&5
configure:4893: $? = 0
configure:4897: test -z 
			 || test ! -s conftest.err
configure:4900: $? = 0
configure:4903: test -s conftest.o
configure:4906: $? = 0
configure:4916: result: yes
configure:4920: checking dlfcn.h presence
configure:4930:   conftest.cc
configure: line 4931: conftest.cc: command not found
configure:4936: $? = 127
configure: failed program was:
| /* confdefs.h.  */
| 
| #define PACKAGE_NAME ""
| #define PACKAGE_TARNAME ""
| #define PACKAGE_VERSION ""
| #define PACKAGE_STRING ""
| #define PACKAGE_BUGREPORT ""
| #define PACKAGE "digi"
| #define VERSION "v0r1p0"
| #ifdef __cplusplus
| extern "C" void std::exit (int) throw (); using std::exit;
| #endif
| #define HAVE_SYS_TYPES_H 1
| #define HAVE_SYS_STAT_H 1
| #define HAVE_STDLIB_H 1
| #define HAVE_STRING_H 1
| #define HAVE_MEMORY_H 1
| #define HAVE_STRINGS_H 1
| #define HAVE_INTTYPES_H 1
| #define HAVE_STDINT_H 1
| #define HAVE_UNISTD_H 1
| /* end confdefs.h.  */
| #include <dlfcn.h>
configure:4956: result: no
configure:4962: WARNING: dlfcn.h: accepted by the compiler, rejected by the preprocessor!
configure:4964: WARNING: dlfcn.h: proceeding with the compiler's result
configure:4991: checking for dlfcn.h
configure:4998: result: yes
configure:5021: checking how to run the C++ preprocessor
configure:5052: g++ -E  conftest.cc
configure:5058: $? = 0
configure:5090: g++ -E  conftest.cc
conftest.cc:24:28: error: ac_nonexistent.h: No such file or directory
configure:5096: $? = 1
configure: failed program was:
| /* confdefs.h.  */
| 
| #define PACKAGE_NAME ""
| #define PACKAGE_TARNAME ""
| #define PACKAGE_VERSION ""
| #define PACKAGE_STRING ""
| #define PACKAGE_BUGREPORT ""
| #define PACKAGE "digi"
| #define VERSION "v0r1p0"
| #ifdef __cplusplus
| extern "C" void std::exit (int) throw (); using std::exit;
| #endif
| #define HAVE_SYS_TYPES_H 1
| #define HAVE_SYS_STAT_H 1
| #define HAVE_STDLIB_H 1
| #define HAVE_STRING_H 1
| #define HAVE_MEMORY_H 1
| #define HAVE_STRINGS_H 1
| #define HAVE_INTTYPES_H 1
| #define HAVE_STDINT_H 1
| #define HAVE_UNISTD_H 1
| #define HAVE_DLFCN_H 1
| /* end confdefs.h.  */
| #include <ac_nonexistent.h>
configure:5135: result: g++ -E
configure:5159: g++ -E  conftest.cc
configure:5165: $? = 0
configure:5197: g++ -E  conftest.cc
conftest.cc:24:28: error: ac_nonexistent.h: No such file or directory
configure:5203: $? = 1
configure: failed program was:
| /* confdefs.h.  */
| 
| #define PACKAGE_NAME ""
| #define PACKAGE_TARNAME ""
| #define PACKAGE_VERSION ""
| #define PACKAGE_STRING ""
| #define PACKAGE_BUGREPORT ""
| #define PACKAGE "digi"
| #define VERSION "v0r1p0"
| #ifdef __cplusplus
| extern "C" void std::exit (int) throw (); using std::exit;
| #endif
| #define HAVE_SYS_TYPES_H 1
| #define HAVE_SYS_STAT_H 1
| #define HAVE_STDLIB_H 1
| #define HAVE_STRING_H 1
| #define HAVE_MEMORY_H 1
| #define HAVE_STRINGS_H 1
| #define HAVE_INTTYPES_H 1
| #define HAVE_STDINT_H 1
| #define HAVE_UNISTD_H 1
| #define HAVE_DLFCN_H 1
| /* end confdefs.h.  */
| #include <ac_nonexistent.h>
configure:5300: checking for g77
configure:5316: found /usr/bin/g77
configure:5326: result: g77
configure:5341: checking for Fortran 77 compiler version
configure:5344: g77 --version </dev/null >&5
GNU Fortran (GCC) 3.4.6 20060404 (Red Hat 3.4.6-4.1)
Copyright (C) 2006 Free Software Foundation, Inc.

GNU Fortran comes with NO WARRANTY, to the extent permitted by law.
You may redistribute copies of GNU Fortran
under the terms of the GNU General Public License.
For more information about these matters, see the file named COPYING
or type the command `info -f g77 Copying'.
configure:5347: $? = 0
configure:5349: g77 -v </dev/null >&5
Reading specs from /usr/lib/gcc/x86_64-redhat-linux/3.4.6/specs
Configured with: ../configure --prefix=/usr --mandir=/usr/share/man --infodir=/usr/share/info --enable-shared --enable-threads=posix --disable-checking --with-system-zlib --enable-__cxa_atexit --disable-libunwind-exceptions --enable-languages=c,c++,f77 --disable-libgcj --host=x86_64-redhat-linux
Thread model: posix
gcc version 3.4.6 20060404 (Red Hat 3.4.6-4.1)
configure:5352: $? = 0
configure:5354: g77 -V </dev/null >&5
g77: `-V' option must have argument
configure:5357: $? = 1
configure:5365: checking whether we are using the GNU Fortran 77 compiler
configure:5379: g77 -c  conftest.F >&5
configure:5385: $? = 0
configure:5389: test -z 
			 || test ! -s conftest.err
configure:5392: $? = 0
configure:5395: test -s conftest.o
configure:5398: $? = 0
configure:5411: result: yes
configure:5417: checking whether g77 accepts -g
configure:5429: g77 -c -g conftest.f >&5
configure:5435: $? = 0
configure:5439: test -z 
			 || test ! -s conftest.err
configure:5442: $? = 0
configure:5445: test -s conftest.o
configure:5448: $? = 0
configure:5460: result: yes
configure:5490: checking the maximum length of command line arguments
configure:5599: result: 32768
configure:5610: checking command to parse /usr/bin/nm -B output from gcc object
configure:5715: g++ -c -g -O2  conftest.cc >&5
configure:5718: $? = 0
configure:5722: /usr/bin/nm -B conftest.o \| sed -n -e 's/^.*[ 	]\([ABCDGIRSTW][ABCDGIRSTW]*\)[ 	][ 	]*\([_A-Za-z][_A-Za-z0-9]*\)$/\1 \2 \2/p' \> conftest.nm
configure:5725: $? = 0
configure:5777: g++ -o conftest -g -O2   conftest.cc conftstm.o >&5
configure:5780: $? = 0
configure:5818: result: ok
configure:5822: checking for objdir
configure:5837: result: .libs
configure:5927: checking for ar
configure:5943: found /usr/bin/ar
configure:5954: result: ar
configure:6007: checking for ranlib
configure:6023: found /usr/bin/ranlib
configure:6034: result: ranlib
configure:6087: checking for strip
configure:6103: found /usr/bin/strip
configure:6114: result: strip
configure:6386: checking if gcc supports -fno-rtti -fno-exceptions
configure:6404: gcc -c -g -O2  -fno-rtti -fno-exceptions conftest.c >&5
cc1: warning: command line option "-fno-rtti" is valid for C++/ObjC++ but not for C
configure:6408: $? = 0
configure:6421: result: no
configure:6436: checking for gcc option to produce PIC
configure:6646: result: -fPIC
configure:6654: checking if gcc PIC flag -fPIC works
configure:6672: gcc -c -g -O2  -fPIC -DPIC conftest.c >&5
configure:6676: $? = 0
configure:6689: result: yes
configure:6717: checking if gcc static flag -static works
configure:6745: result: yes
configure:6755: checking if gcc supports -c -o file.o
configure:6776: gcc -c -g -O2  -o out/conftest2.o conftest.c >&5
configure:6780: $? = 0
configure:6802: result: yes
configure:6828: checking whether the gcc linker (/usr/bin/ld -m elf_x86_64) supports shared libraries
configure:7786: result: yes
configure:7853: checking dynamic linker characteristics
configure:8246: gcc -c -g -O2  conftest.c >&5
configure:8249: $? = 0
configure:8462: result: GNU/Linux ld.so
configure:8471: checking how to hardcode library paths into programs
configure:8496: result: immediate
configure:8510: checking whether stripping libraries is possible
configure:8515: result: yes
configure:9349: checking if libtool supports shared libraries
configure:9351: result: yes
configure:9354: checking whether to build shared libraries
configure:9375: result: 
configure:9378: checking whether to build static libraries
configure:9382: result: yes
configure:9474: creating libtool
configure:10065: checking for ld used by g++
configure:10132: result: /usr/bin/ld -m elf_x86_64
configure:10141: checking if the linker (/usr/bin/ld -m elf_x86_64) is GNU ld
configure:10156: result: yes
configure:10207: checking whether the g++ linker (/usr/bin/ld -m elf_x86_64) supports shared libraries
configure:11145: result: yes
configure:11163: g++ -c -g -O2  conftest.cpp >&5
configure:11166: $? = 0
configure:11285: checking for g++ option to produce PIC
configure:11559: result: -fPIC
configure:11567: checking if g++ PIC flag -fPIC works
configure:11585: g++ -c -g -O2  -fPIC -DPIC conftest.cpp >&5
configure:11589: $? = 0
configure:11602: result: yes
configure:11630: checking if g++ static flag -static works
configure:11658: result: yes
configure:11668: checking if g++ supports -c -o file.o
configure:11689: g++ -c -g -O2  -o out/conftest2.o conftest.cpp >&5
configure:11693: $? = 0
configure:11715: result: yes
configure:11741: checking whether the g++ linker (/usr/bin/ld -m elf_x86_64) supports shared libraries
configure:11766: result: yes
configure:11833: checking dynamic linker characteristics
configure:12226: g++ -c -g -O2  conftest.cpp >&5
configure:12229: $? = 0
configure:12442: result: GNU/Linux ld.so
configure:12451: checking how to hardcode library paths into programs
configure:12476: result: immediate
configure:13005: checking if libtool supports shared libraries
configure:13007: result: yes
configure:13010: checking whether to build shared libraries
configure:13030: result: 
configure:13033: checking whether to build static libraries
configure:13037: result: yes
configure:13047: checking for g77 option to produce PIC
configure:13257: result: -fPIC
configure:13265: checking if g77 PIC flag -fPIC works
configure:13283: g77 -c -g -O2 -fPIC conftest.f >&5
configure:13287: $? = 0
configure:13300: result: yes
configure:13328: checking if g77 static flag -static works
configure:13356: result: yes
configure:13366: checking if g77 supports -c -o file.o
configure:13387: g77 -c -g -O2 -o out/conftest2.o conftest.f >&5
configure:13391: $? = 0
configure:13413: result: yes
configure:13439: checking whether the g77 linker (/usr/bin/ld -m elf_x86_64) supports shared libraries
configure:14377: result: yes
configure:14444: checking dynamic linker characteristics
configure:14837: g77 -c -g -O2 conftest.f >&5
configure:14840: $? = 0
configure:15053: result: GNU/Linux ld.so
configure:15062: checking how to hardcode library paths into programs
configure:15087: result: immediate
configure:18681: checking for math library
configure:18684: checking for main in -lm
configure:18708: g++ -o conftest -g -O2   conftest.cc -lm   >&5
configure:18714: $? = 0
configure:18718: test -z 
			 || test ! -s conftest.err
configure:18721: $? = 0
configure:18724: test -s conftest
configure:18727: $? = 0
configure:18740: result: yes
configure:18752: checking for g2c library
configure:18755: checking for main in -lg2c
configure:18779: g++ -o conftest -g -O2   conftest.cc -lg2c  -lm  >&5
configure:18785: $? = 0
configure:18789: test -z 
			 || test ! -s conftest.err
configure:18792: $? = 0
configure:18795: test -s conftest
configure:18798: $? = 0
configure:18811: result: yes
configure:18837: checking for a BSD-compatible install
configure:18892: result: /usr/bin/install -c
configure:18903: checking whether ln -s works
configure:18907: result: yes
configure:18955: checking for ranlib
configure:18982: result: ranlib
configure:19035: checking for ar
configure:19062: result: ar
configure:19075: checking for ANSI C header files
configure:19231: result: no
configure:19243: checking for an ANSI C-conforming const
configure:19310: g++ -c -g -O2  conftest.cc >&5
configure:19316: $? = 0
configure:19320: test -z 
			 || test ! -s conftest.err
configure:19323: $? = 0
configure:19326: test -s conftest.o
configure:19329: $? = 0
configure:19340: result: yes
configure:19350: checking for size_t
configure:19374: g++ -c -g -O2  conftest.cc >&5
configure:19380: $? = 0
configure:19384: test -z 
			 || test ! -s conftest.err
configure:19387: $? = 0
configure:19390: test -s conftest.o
configure:19393: $? = 0
configure:19404: result: yes
configure:19438: checking zlib.h usability
configure:19450: g++ -c -g -Wall -I"/afs/phas.gla.ac.uk/user/p/phallsjo/nuSTORM/third_party/include" -I/data/neutrino04/common_SW/nuSTORM/third_party/bhep/include -I/afs/phas.gla.ac.uk/user/p/phallsjo/nuSTORM/third_party/genie_source/src/scripts/build/ext/v5_34_10/download/root/include  conftest.cc >&5
configure:19456: $? = 0
configure:19460: test -z 
			 || test ! -s conftest.err
configure:19463: $? = 0
configure:19466: test -s conftest.o
configure:19469: $? = 0
configure:19479: result: yes
configure:19483: checking zlib.h presence
configure:19493: g++ -E  conftest.cc
configure:19499: $? = 0
configure:19519: result: yes
configure:19554: checking for zlib.h
configure:19561: result: yes
configure:19588: checking particle.h usability
configure:19600: g++ -c -g -Wall -I"/afs/phas.gla.ac.uk/user/p/phallsjo/nuSTORM/third_party/include" -I/data/neutrino04/common_SW/nuSTORM/third_party/bhep/include -I/afs/phas.gla.ac.uk/user/p/phallsjo/nuSTORM/third_party/genie_source/src/scripts/build/ext/v5_34_10/download/root/include  conftest.cc >&5
conftest.cc:61:22: error: particle.h: No such file or directory
configure:19606: $? = 1
configure: failed program was:
| /* confdefs.h.  */
| 
| #define PACKAGE_NAME ""
| #define PACKAGE_TARNAME ""
| #define PACKAGE_VERSION ""
| #define PACKAGE_STRING ""
| #define PACKAGE_BUGREPORT ""
| #define PACKAGE "digi"
| #define VERSION "v0r1p0"
| #ifdef __cplusplus
| extern "C" void std::exit (int) throw (); using std::exit;
| #endif
| #define HAVE_SYS_TYPES_H 1
| #define HAVE_SYS_STAT_H 1
| #define HAVE_STDLIB_H 1
| #define HAVE_STRING_H 1
| #define HAVE_MEMORY_H 1
| #define HAVE_STRINGS_H 1
| #define HAVE_INTTYPES_H 1
| #define HAVE_STDINT_H 1
| #define HAVE_UNISTD_H 1
| #define HAVE_DLFCN_H 1
| #define HAVE_LIBM 1
| #define HAVE_LIBG2C 1
| #define HAVE_ZLIB_H 1
| /* end confdefs.h.  */
| #include <stdio.h>
| #if HAVE_SYS_TYPES_H
| # include <sys/types.h>
| #endif
| #if HAVE_SYS_STAT_H
| # include <sys/stat.h>
| #endif
| #if STDC_HEADERS
| # include <stdlib.h>
| # include <stddef.h>
| #else
| # if HAVE_STDLIB_H
| #  include <stdlib.h>
| # endif
| #endif
| #if HAVE_STRING_H
| # if !STDC_HEADERS && HAVE_MEMORY_H
| #  include <memory.h>
| # endif
| # include <string.h>
| #endif
| #if HAVE_STRINGS_H
| # include <strings.h>
| #endif
| #if HAVE_INTTYPES_H
| # include <inttypes.h>
| #else
| # if HAVE_STDINT_H
| #  include <stdint.h>
| # endif
| #endif
| #if HAVE_UNISTD_H
| # include <unistd.h>
| #endif
| #include <particle.h>
configure:19629: result: no
configure:19633: checking particle.h presence
configure:19643: g++ -E  conftest.cc
conftest.cc:27:22: error: particle.h: No such file or directory
configure:19649: $? = 1
configure: failed program was:
| /* confdefs.h.  */
| 
| #define PACKAGE_NAME ""
| #define PACKAGE_TARNAME ""
| #define PACKAGE_VERSION ""
| #define PACKAGE_STRING ""
| #define PACKAGE_BUGREPORT ""
| #define PACKAGE "digi"
| #define VERSION "v0r1p0"
| #ifdef __cplusplus
| extern "C" void std::exit (int) throw (); using std::exit;
| #endif
| #define HAVE_SYS_TYPES_H 1
| #define HAVE_SYS_STAT_H 1
| #define HAVE_STDLIB_H 1
| #define HAVE_STRING_H 1
| #define HAVE_MEMORY_H 1
| #define HAVE_STRINGS_H 1
| #define HAVE_INTTYPES_H 1
| #define HAVE_STDINT_H 1
| #define HAVE_UNISTD_H 1
| #define HAVE_DLFCN_H 1
| #define HAVE_LIBM 1
| #define HAVE_LIBG2C 1
| #define HAVE_ZLIB_H 1
| /* end confdefs.h.  */
| #include <particle.h>
configure:19669: result: no
configure:19704: checking for particle.h
configure:19711: result: no
configure:19738: checking Volume.h usability
configure:19750: g++ -c -g -Wall -I"/afs/phas.gla.ac.uk/user/p/phallsjo/nuSTORM/third_party/include" -I/data/neutrino04/common_SW/nuSTORM/third_party/bhep/include -I/afs/phas.gla.ac.uk/user/p/phallsjo/nuSTORM/third_party/genie_source/src/scripts/build/ext/v5_34_10/download/root/include  conftest.cc >&5
conftest.cc:61:20: error: Volume.h: No such file or directory
configure:19756: $? = 1
configure: failed program was:
| /* confdefs.h.  */
| 
| #define PACKAGE_NAME ""
| #define PACKAGE_TARNAME ""
| #define PACKAGE_VERSION ""
| #define PACKAGE_STRING ""
| #define PACKAGE_BUGREPORT ""
| #define PACKAGE "digi"
| #define VERSION "v0r1p0"
| #ifdef __cplusplus
| extern "C" void std::exit (int) throw (); using std::exit;
| #endif
| #define HAVE_SYS_TYPES_H 1
| #define HAVE_SYS_STAT_H 1
| #define HAVE_STDLIB_H 1
| #define HAVE_STRING_H 1
| #define HAVE_MEMORY_H 1
| #define HAVE_STRINGS_H 1
| #define HAVE_INTTYPES_H 1
| #define HAVE_STDINT_H 1
| #define HAVE_UNISTD_H 1
| #define HAVE_DLFCN_H 1
| #define HAVE_LIBM 1
| #define HAVE_LIBG2C 1
| #define HAVE_ZLIB_H 1
| /* end confdefs.h.  */
| #include <stdio.h>
| #if HAVE_SYS_TYPES_H
| # include <sys/types.h>
| #endif
| #if HAVE_SYS_STAT_H
| # include <sys/stat.h>
| #endif
| #if STDC_HEADERS
| # include <stdlib.h>
| # include <stddef.h>
| #else
| # if HAVE_STDLIB_H
| #  include <stdlib.h>
| # endif
| #endif
| #if HAVE_STRING_H
| # if !STDC_HEADERS && HAVE_MEMORY_H
| #  include <memory.h>
| # endif
| # include <string.h>
| #endif
| #if HAVE_STRINGS_H
| # include <strings.h>
| #endif
| #if HAVE_INTTYPES_H
| # include <inttypes.h>
| #else
| # if HAVE_STDINT_H
| #  include <stdint.h>
| # endif
| #endif
| #if HAVE_UNISTD_H
| # include <unistd.h>
| #endif
| #include <Volume.h>
configure:19779: result: no
configure:19783: checking Volume.h presence
configure:19793: g++ -E  conftest.cc
conftest.cc:27:20: error: Volume.h: No such file or directory
configure:19799: $? = 1
configure: failed program was:
| /* confdefs.h.  */
| 
| #define PACKAGE_NAME ""
| #define PACKAGE_TARNAME ""
| #define PACKAGE_VERSION ""
| #define PACKAGE_STRING ""
| #define PACKAGE_BUGREPORT ""
| #define PACKAGE "digi"
| #define VERSION "v0r1p0"
| #ifdef __cplusplus
| extern "C" void std::exit (int) throw (); using std::exit;
| #endif
| #define HAVE_SYS_TYPES_H 1
| #define HAVE_SYS_STAT_H 1
| #define HAVE_STDLIB_H 1
| #define HAVE_STRING_H 1
| #define HAVE_MEMORY_H 1
| #define HAVE_STRINGS_H 1
| #define HAVE_INTTYPES_H 1
| #define HAVE_STDINT_H 1
| #define HAVE_UNISTD_H 1
| #define HAVE_DLFCN_H 1
| #define HAVE_LIBM 1
| #define HAVE_LIBG2C 1
| #define HAVE_ZLIB_H 1
| /* end confdefs.h.  */
| #include <Volume.h>
configure:19819: result: no
configure:19854: checking for Volume.h
configure:19861: result: no
configure:19891: checking sstream usability
configure:19903: g++ -c -g -Wall -I"/afs/phas.gla.ac.uk/user/p/phallsjo/nuSTORM/third_party/include" -I/data/neutrino04/common_SW/nuSTORM/third_party/bhep/include -I/afs/phas.gla.ac.uk/user/p/phallsjo/nuSTORM/third_party/genie_source/src/scripts/build/ext/v5_34_10/download/root/include  conftest.cc >&5
configure:19909: $? = 0
configure:19913: test -z 
			 || test ! -s conftest.err
configure:19916: $? = 0
configure:19919: test -s conftest.o
configure:19922: $? = 0
configure:19932: result: yes
configure:19936: checking sstream presence
configure:19946: g++ -E  conftest.cc
configure:19952: $? = 0
configure:19972: result: yes
configure:20007: checking for sstream
configure:20014: result: yes
configure:20042: checking ostream usability
configure:20054: g++ -c -g -Wall -I"/afs/phas.gla.ac.uk/user/p/phallsjo/nuSTORM/third_party/include" -I/data/neutrino04/common_SW/nuSTORM/third_party/bhep/include -I/afs/phas.gla.ac.uk/user/p/phallsjo/nuSTORM/third_party/genie_source/src/scripts/build/ext/v5_34_10/download/root/include  conftest.cc >&5
configure:20060: $? = 0
configure:20064: test -z 
			 || test ! -s conftest.err
configure:20067: $? = 0
configure:20070: test -s conftest.o
configure:20073: $? = 0
configure:20083: result: yes
configure:20087: checking ostream presence
configure:20097: g++ -E  conftest.cc
configure:20103: $? = 0
configure:20123: result: yes
configure:20158: checking for ostream
configure:20165: result: yes
configure:20202: checking for bhep library
configure:20205: checking for main in -lbhep
configure:20229: g++ -o conftest -g -Wall -I"/afs/phas.gla.ac.uk/user/p/phallsjo/nuSTORM/third_party/include" -I/data/neutrino04/common_SW/nuSTORM/third_party/bhep/include -I/afs/phas.gla.ac.uk/user/p/phallsjo/nuSTORM/third_party/genie_source/src/scripts/build/ext/v5_34_10/download/root/include   -L/afs/phas.gla.ac.uk/user/p/phallsjo/nuSTORM/third_party/genie_source/src/scripts/build/ext/v5_34_10/download/root/lib -L/data/neutrino04/common_SW/nuSTORM/third_party/bhep/lib -L"/afs/phas.gla.ac.uk/user/p/phallsjo/nuSTORM/third_party"/lib conftest.cc -lbhep  -lg2c -lm  -L/afs/phas.gla.ac.uk/user/p/phallsjo/nuSTORM/third_party/genie_source/src/scripts/build/ext/v5_34_10/download/root/lib -lCore -lCint -lRIO -lNet -lHist -lGraf -lGraf3d -lGpad -lTree -lRint -lPostscript -lMatrix -lPhysics -lMathCore -lThread -pthread -lm -ldl -rdynamic -L/data/neutrino04/common_SW/nuSTORM/third_party/bhep/lib -lbhep -lm -L"/afs/phas.gla.ac.uk/user/p/phallsjo/nuSTORM/third_party/lib" -lCLHEP-2.1.4.1 -L/afs/phas.gla.ac.uk/user/p/phallsjo/nuSTORM/third_party/genie_source/src/scripts/build/ext/v5_34_10/download/root/lib -lCore -lCint -lRIO -lNet -lHist -lGraf -lGraf3d -lGpad -lTree -lRint -lPostscript -lMatrix -lPhysics -lMathCore -lThread -pthread -lm -ldl -rdynamic >&5
/usr/bin/ld: cannot find -lCLHEP-2.1.4.1
collect2: ld returned 1 exit status
configure:20235: $? = 1
configure: failed program was:
| /* confdefs.h.  */
| 
| #define PACKAGE_NAME ""
| #define PACKAGE_TARNAME ""
| #define PACKAGE_VERSION ""
| #define PACKAGE_STRING ""
| #define PACKAGE_BUGREPORT ""
| #define PACKAGE "digi"
| #define VERSION "v0r1p0"
| #ifdef __cplusplus
| extern "C" void std::exit (int) throw (); using std::exit;
| #endif
| #define HAVE_SYS_TYPES_H 1
| #define HAVE_SYS_STAT_H 1
| #define HAVE_STDLIB_H 1
| #define HAVE_STRING_H 1
| #define HAVE_MEMORY_H 1
| #define HAVE_STRINGS_H 1
| #define HAVE_INTTYPES_H 1
| #define HAVE_STDINT_H 1
| #define HAVE_UNISTD_H 1
| #define HAVE_DLFCN_H 1
| #define HAVE_LIBM 1
| #define HAVE_LIBG2C 1
| #define HAVE_ZLIB_H 1
| #define HAVE_SSTREAM 1
| #define HAVE_OSTREAM 1
| /* end confdefs.h.  */
| 
| 
| int
| main ()
| {
| main ();
|   ;
|   return 0;
| }
configure:20261: result: no
configure:20273: checking for CLHEP library
configure:20276: checking for main in -lCLHEP
configure:20300: g++ -o conftest -g -Wall -I"/afs/phas.gla.ac.uk/user/p/phallsjo/nuSTORM/third_party/include" -I/data/neutrino04/common_SW/nuSTORM/third_party/bhep/include -I/afs/phas.gla.ac.uk/user/p/phallsjo/nuSTORM/third_party/genie_source/src/scripts/build/ext/v5_34_10/download/root/include   -L/afs/phas.gla.ac.uk/user/p/phallsjo/nuSTORM/third_party/genie_source/src/scripts/build/ext/v5_34_10/download/root/lib -L/data/neutrino04/common_SW/nuSTORM/third_party/bhep/lib -L"/afs/phas.gla.ac.uk/user/p/phallsjo/nuSTORM/third_party"/lib conftest.cc -lCLHEP  -lg2c -lm  -L/afs/phas.gla.ac.uk/user/p/phallsjo/nuSTORM/third_party/genie_source/src/scripts/build/ext/v5_34_10/download/root/lib -lCore -lCint -lRIO -lNet -lHist -lGraf -lGraf3d -lGpad -lTree -lRint -lPostscript -lMatrix -lPhysics -lMathCore -lThread -pthread -lm -ldl -rdynamic -L/data/neutrino04/common_SW/nuSTORM/third_party/bhep/lib -lbhep -lm -L"/afs/phas.gla.ac.uk/user/p/phallsjo/nuSTORM/third_party/lib" -lCLHEP-2.1.4.1 -L/afs/phas.gla.ac.uk/user/p/phallsjo/nuSTORM/third_party/genie_source/src/scripts/build/ext/v5_34_10/download/root/lib -lCore -lCint -lRIO -lNet -lHist -lGraf -lGraf3d -lGpad -lTree -lRint -lPostscript -lMatrix -lPhysics -lMathCore -lThread -pthread -lm -ldl -rdynamic >&5
/usr/bin/ld: cannot find -lCLHEP
collect2: ld returned 1 exit status
configure:20306: $? = 1
configure: failed program was:
| /* confdefs.h.  */
| 
| #define PACKAGE_NAME ""
| #define PACKAGE_TARNAME ""
| #define PACKAGE_VERSION ""
| #define PACKAGE_STRING ""
| #define PACKAGE_BUGREPORT ""
| #define PACKAGE "digi"
| #define VERSION "v0r1p0"
| #ifdef __cplusplus
| extern "C" void std::exit (int) throw (); using std::exit;
| #endif
| #define HAVE_SYS_TYPES_H 1
| #define HAVE_SYS_STAT_H 1
| #define HAVE_STDLIB_H 1
| #define HAVE_STRING_H 1
| #define HAVE_MEMORY_H 1
| #define HAVE_STRINGS_H 1
| #define HAVE_INTTYPES_H 1
| #define HAVE_STDINT_H 1
| #define HAVE_UNISTD_H 1
| #define HAVE_DLFCN_H 1
| #define HAVE_LIBM 1
| #define HAVE_LIBG2C 1
| #define HAVE_ZLIB_H 1
| #define HAVE_SSTREAM 1
| #define HAVE_OSTREAM 1
| /* end confdefs.h.  */
| 
| 
| int
| main ()
| {
| main ();
|   ;
|   return 0;
| }
configure:20332: result: no
configure:20344: checking for root library
configure:20347: checking for main in -lroot
configure:20371: g++ -o conftest -g -Wall -I"/afs/phas.gla.ac.uk/user/p/phallsjo/nuSTORM/third_party/include" -I/data/neutrino04/common_SW/nuSTORM/third_party/bhep/include -I/afs/phas.gla.ac.uk/user/p/phallsjo/nuSTORM/third_party/genie_source/src/scripts/build/ext/v5_34_10/download/root/include   -L/afs/phas.gla.ac.uk/user/p/phallsjo/nuSTORM/third_party/genie_source/src/scripts/build/ext/v5_34_10/download/root/lib -L/data/neutrino04/common_SW/nuSTORM/third_party/bhep/lib -L"/afs/phas.gla.ac.uk/user/p/phallsjo/nuSTORM/third_party"/lib conftest.cc -lroot  -lg2c -lm  -L/afs/phas.gla.ac.uk/user/p/phallsjo/nuSTORM/third_party/genie_source/src/scripts/build/ext/v5_34_10/download/root/lib -lCore -lCint -lRIO -lNet -lHist -lGraf -lGraf3d -lGpad -lTree -lRint -lPostscript -lMatrix -lPhysics -lMathCore -lThread -pthread -lm -ldl -rdynamic -L/data/neutrino04/common_SW/nuSTORM/third_party/bhep/lib -lbhep -lm -L"/afs/phas.gla.ac.uk/user/p/phallsjo/nuSTORM/third_party/lib" -lCLHEP-2.1.4.1 -L/afs/phas.gla.ac.uk/user/p/phallsjo/nuSTORM/third_party/genie_source/src/scripts/build/ext/v5_34_10/download/root/lib -lCore -lCint -lRIO -lNet -lHist -lGraf -lGraf3d -lGpad -lTree -lRint -lPostscript -lMatrix -lPhysics -lMathCore -lThread -pthread -lm -ldl -rdynamic >&5
/usr/bin/ld: cannot find -lroot
collect2: ld returned 1 exit status
configure:20377: $? = 1
configure: failed program was:
| /* confdefs.h.  */
| 
| #define PACKAGE_NAME ""
| #define PACKAGE_TARNAME ""
| #define PACKAGE_VERSION ""
| #define PACKAGE_STRING ""
| #define PACKAGE_BUGREPORT ""
| #define PACKAGE "digi"
| #define VERSION "v0r1p0"
| #ifdef __cplusplus
| extern "C" void std::exit (int) throw (); using std::exit;
| #endif
| #define HAVE_SYS_TYPES_H 1
| #define HAVE_SYS_STAT_H 1
| #define HAVE_STDLIB_H 1
| #define HAVE_STRING_H 1
| #define HAVE_MEMORY_H 1
| #define HAVE_STRINGS_H 1
| #define HAVE_INTTYPES_H 1
| #define HAVE_STDINT_H 1
| #define HAVE_UNISTD_H 1
| #define HAVE_DLFCN_H 1
| #define HAVE_LIBM 1
| #define HAVE_LIBG2C 1
| #define HAVE_ZLIB_H 1
| #define HAVE_SSTREAM 1
| #define HAVE_OSTREAM 1
| /* end confdefs.h.  */
| 
| 
| int
| main ()
| {
| main ();
|   ;
|   return 0;
| }
configure:20403: result: no
configure:20548: creating ./config.status

## ---------------------- ##
## Running config.status. ##
## ---------------------- ##

This file was extended by config.status, which was
generated by GNU Autoconf 2.59.  Invocation command line was

  CONFIG_FILES    = 
  CONFIG_HEADERS  = 
  CONFIG_LINKS    = 
  CONFIG_COMMANDS = 
  $ ./config.status 

on ppepc142.physics.gla.ac.uk

config.status:728: creating digi-config
config.status:728: creating Makefile
config.status:728: creating digi/Makefile
config.status:728: creating base/Makefile
config.status:728: creating examples/Makefile
config.status:728: creating lib/Makefile
config.status:728: creating util/Makefile
config.status:728: creating doc/Makefile
config.status:728: creating doc/Doxyfile
config.status:836: creating config.h
config.status:1132: executing depfiles commands

## ---------------- ##
## Cache variables. ##
## ---------------- ##

ac_cv_build=x86_64-redhat-linux-gnu
ac_cv_build_alias=x86_64-redhat-linux-gnu
ac_cv_c_compiler_gnu=yes
ac_cv_c_const=yes
ac_cv_cxx_compiler_gnu=yes
ac_cv_env_CC_set=
ac_cv_env_CC_value=
ac_cv_env_CFLAGS_set=
ac_cv_env_CFLAGS_value=
ac_cv_env_CPPFLAGS_set=
ac_cv_env_CPPFLAGS_value=
ac_cv_env_CPP_set=
ac_cv_env_CPP_value=
ac_cv_env_CXXCPP_set=
ac_cv_env_CXXCPP_value=
ac_cv_env_CXXFLAGS_set=
ac_cv_env_CXXFLAGS_value=
ac_cv_env_CXX_set=
ac_cv_env_CXX_value=
ac_cv_env_F77_set=
ac_cv_env_F77_value=
ac_cv_env_FFLAGS_set=
ac_cv_env_FFLAGS_value=
ac_cv_env_LDFLAGS_set=
ac_cv_env_LDFLAGS_value=
ac_cv_env_build_alias_set=
ac_cv_env_build_alias_value=
ac_cv_env_host_alias_set=
ac_cv_env_host_alias_value=
ac_cv_env_target_alias_set=
ac_cv_env_target_alias_value=
ac_cv_exeext=
ac_cv_f77_compiler_gnu=yes
ac_cv_header_Volume_h=no
ac_cv_header_dlfcn_h=yes
ac_cv_header_inttypes_h=yes
ac_cv_header_memory_h=yes
ac_cv_header_ostream=yes
ac_cv_header_particle_h=no
ac_cv_header_sstream=yes
ac_cv_header_stdc=no
ac_cv_header_stdint_h=yes
ac_cv_header_stdlib_h=yes
ac_cv_header_string_h=yes
ac_cv_header_strings_h=yes
ac_cv_header_sys_stat_h=yes
ac_cv_header_sys_types_h=yes
ac_cv_header_unistd_h=yes
ac_cv_header_zlib_h=yes
ac_cv_host=x86_64-redhat-linux-gnu
ac_cv_host_alias=x86_64-redhat-linux-gnu
ac_cv_lib_CLHEP_main=no
ac_cv_lib_bhep_main=no
ac_cv_lib_g2c_main=yes
ac_cv_lib_m_main=yes
ac_cv_lib_root_main=no
ac_cv_objext=o
ac_cv_path_install='/usr/bin/install -c'
ac_cv_prog_AWK=gawk
ac_cv_prog_CPP='gcc -E'
ac_cv_prog_CXXCPP='g++ -E'
ac_cv_prog_ac_ct_AR=ar
ac_cv_prog_ac_ct_CC=gcc
ac_cv_prog_ac_ct_CXX=g++
ac_cv_prog_ac_ct_F77=g77
ac_cv_prog_ac_ct_RANLIB=ranlib
ac_cv_prog_ac_ct_STRIP=strip
ac_cv_prog_cc_g=yes
ac_cv_prog_cc_stdc=
ac_cv_prog_cxx_g=yes
ac_cv_prog_egrep='grep -E'
ac_cv_prog_f77_g=yes
ac_cv_prog_make_make_set=yes
ac_cv_target=x86_64-redhat-linux-gnu
ac_cv_target_alias=x86_64-redhat-linux-gnu
ac_cv_type_size_t=yes
am_cv_CC_dependencies_compiler_type=gcc3
am_cv_CXX_dependencies_compiler_type=gcc3
lt_cv_deplibs_check_method=pass_all
lt_cv_file_magic_cmd='$MAGIC_CMD'
lt_cv_file_magic_test_file=
lt_cv_ld_reload_flag=-r
lt_cv_objdir=.libs
lt_cv_path_LD=/usr/bin/ld
lt_cv_path_LDCXX='/usr/bin/ld -m elf_x86_64'
lt_cv_path_NM='/usr/bin/nm -B'
lt_cv_path_SED=/bin/sed
lt_cv_prog_compiler_c_o=yes
lt_cv_prog_compiler_c_o_CXX=yes
lt_cv_prog_compiler_c_o_F77=yes
lt_cv_prog_compiler_rtti_exceptions=no
lt_cv_prog_gnu_ld=yes
lt_cv_prog_gnu_ldcxx=yes
lt_cv_sys_global_symbol_pipe='sed -n -e '\''s/^.*[ 	]\([ABCDGIRSTW][ABCDGIRSTW]*\)[ 	][ 	]*\([_A-Za-z][_A-Za-z0-9]*\)$/\1 \2 \2/p'\'''
lt_cv_sys_global_symbol_to_c_name_address='sed -n -e '\''s/^: \([^ ]*\) $/  {\"\1\", (lt_ptr) 0},/p'\'' -e '\''s/^[BCDEGRST] \([^ ]*\) \([^ ]*\)$/  {"\2", (lt_ptr) \&\2},/p'\'''
lt_cv_sys_global_symbol_to_cdecl='sed -n -e '\''s/^. .* \(.*\)$/extern int \1;/p'\'''
lt_cv_sys_max_cmd_len=32768
lt_lt_cv_prog_compiler_c_o='"yes"'
lt_lt_cv_prog_compiler_c_o_CXX='"yes"'
lt_lt_cv_prog_compiler_c_o_F77='"yes"'
lt_lt_cv_sys_global_symbol_pipe='"sed -n -e '\''s/^.*[ 	]\\([ABCDGIRSTW][ABCDGIRSTW]*\\)[ 	][ 	]*\\([_A-Za-z][_A-Za-z0-9]*\\)\$/\\1 \\2 \\2/p'\''"'
lt_lt_cv_sys_global_symbol_to_c_name_address='"sed -n -e '\''s/^: \\([^ ]*\\) \$/  {\\\"\\1\\\", (lt_ptr) 0},/p'\'' -e '\''s/^[BCDEGRST] \\([^ ]*\\) \\([^ ]*\\)\$/  {\"\\2\", (lt_ptr) \\&\\2},/p'\''"'
lt_lt_cv_sys_global_symbol_to_cdecl='"sed -n -e '\''s/^. .* \\(.*\\)\$/extern int \\1;/p'\''"'

## ----------------- ##
## Output variables. ##
## ----------------- ##

ACLOCAL='${SHELL} /afs/phas.gla.ac.uk/user/p/phallsjo/SaRoMaN/digi_ND/missing --run aclocal-1.9'
AMDEPBACKSLASH='\'
AMDEP_FALSE='#'
AMDEP_TRUE=''
AMTAR='${SHELL} /afs/phas.gla.ac.uk/user/p/phallsjo/SaRoMaN/digi_ND/missing --run tar'
AM_LDFLAGS=''
AR='ar'
AUTOCONF='${SHELL} /afs/phas.gla.ac.uk/user/p/phallsjo/SaRoMaN/digi_ND/missing --run autoconf'
AUTOHEADER='${SHELL} /afs/phas.gla.ac.uk/user/p/phallsjo/SaRoMaN/digi_ND/missing --run autoheader'
AUTOMAKE='${SHELL} /afs/phas.gla.ac.uk/user/p/phallsjo/SaRoMaN/digi_ND/missing --run automake-1.9'
AWK='gawk'
CC='gcc'
CCDEPMODE='depmode=gcc3'
CFLAGS='-g -O2'
CPP='gcc -E'
CPPFLAGS=''
CXX='g++'
CXXCPP='g++ -E'
CXXDEPMODE='depmode=gcc3'
CXXFLAGS='-g -Wall -I"/afs/phas.gla.ac.uk/user/p/phallsjo/nuSTORM/third_party/include" -I/data/neutrino04/common_SW/nuSTORM/third_party/bhep/include -I/afs/phas.gla.ac.uk/user/p/phallsjo/nuSTORM/third_party/genie_source/src/scripts/build/ext/v5_34_10/download/root/include'
CYGPATH_W='echo'
DEFS='-DHAVE_CONFIG_H'
DEPDIR='.deps'
ECHO='echo'
ECHO_C=''
ECHO_N='-n'
ECHO_T=''
EGREP='grep -E'
EXEEXT=''
F77='g77'
FFLAGS='-g -O2'
INSTALL_DATA='${INSTALL} -m 644'
INSTALL_PROGRAM='${INSTALL}'
INSTALL_SCRIPT='${INSTALL}'
INSTALL_STRIP_PROGRAM='${SHELL} $(install_sh) -c -s'
LDFLAGS=' -L/afs/phas.gla.ac.uk/user/p/phallsjo/nuSTORM/third_party/genie_source/src/scripts/build/ext/v5_34_10/download/root/lib -L/data/neutrino04/common_SW/nuSTORM/third_party/bhep/lib -L"/afs/phas.gla.ac.uk/user/p/phallsjo/nuSTORM/third_party"/lib'
LIBOBJS=''
LIBS='-lg2c -lm  -L/afs/phas.gla.ac.uk/user/p/phallsjo/nuSTORM/third_party/genie_source/src/scripts/build/ext/v5_34_10/download/root/lib -lCore -lCint -lRIO -lNet -lHist -lGraf -lGraf3d -lGpad -lTree -lRint -lPostscript -lMatrix -lPhysics -lMathCore -lThread -pthread -lm -ldl -rdynamic -L/data/neutrino04/common_SW/nuSTORM/third_party/bhep/lib -lbhep -lm -L"/afs/phas.gla.ac.uk/user/p/phallsjo/nuSTORM/third_party/lib" -lCLHEP-2.1.4.1 -L/afs/phas.gla.ac.uk/user/p/phallsjo/nuSTORM/third_party/genie_source/src/scripts/build/ext/v5_34_10/download/root/lib -lCore -lCint -lRIO -lNet -lHist -lGraf -lGraf3d -lGpad -lTree -lRint -lPostscript -lMatrix -lPhysics -lMathCore -lThread -pthread -lm -ldl -rdynamic'
LIBTOOL='$(SHELL) $(top_builddir)/libtool'
LN_S='ln -s'
LTLIBOBJS=''
MAKEINFO='${SHELL} /afs/phas.gla.ac.uk/user/p/phallsjo/SaRoMaN/digi_ND/missing --run makeinfo'
OBJEXT='o'
PACKAGE='digi'
PACKAGE_BUGREPORT=''
PACKAGE_NAME=''
PACKAGE_STRING=''
PACKAGE_TARNAME=''
PACKAGE_VERSION=''
PATH_SEPARATOR=':'
RANLIB='ranlib'
SED='/bin/sed'
SET_MAKE=''
SHELL='/bin/sh'
STRIP='strip'
VERSION='v0r1p0'
ac_ct_AR='ar'
ac_ct_CC='gcc'
ac_ct_CXX='g++'
ac_ct_F77='g77'
ac_ct_RANLIB='ranlib'
ac_ct_STRIP='strip'
am__fastdepCC_FALSE='#'
am__fastdepCC_TRUE=''
am__fastdepCXX_FALSE='#'
am__fastdepCXX_TRUE=''
am__include='include'
am__leading_dot='.'
am__quote=''
am__tar='${AMTAR} chof - "$$tardir"'
am__untar='${AMTAR} xf -'
bindir='${exec_prefix}/bin'
build='x86_64-redhat-linux-gnu'
build_alias=''
build_cpu='x86_64'
build_os='linux-gnu'
build_vendor='redhat'
datadir='${prefix}/share'
exec_prefix='${prefix}'
host='x86_64-redhat-linux-gnu'
host_alias=''
host_cpu='x86_64'
host_os='linux-gnu'
host_vendor='redhat'
includedir='${prefix}/include'
infodir='${prefix}/info'
install_sh='/afs/phas.gla.ac.uk/user/p/phallsjo/SaRoMaN/digi_ND/install-sh'
libdir='${exec_prefix}/lib'
libexecdir='${exec_prefix}/libexec'
localstatedir='${prefix}/var'
mandir='${prefix}/man'
mkdir_p='mkdir -p --'
oldincludedir='/usr/include'
prefix='/usr/local'
program_transform_name='s,x,x,'
sbindir='${exec_prefix}/sbin'
sharedstatedir='${prefix}/com'
sysconfdir='${prefix}/etc'
target='x86_64-redhat-linux-gnu'
target_alias=''
target_cpu='x86_64'
target_os='linux-gnu'
target_vendor='redhat'

## ----------- ##
## confdefs.h. ##
## ----------- ##

#define HAVE_DLFCN_H 1
#define HAVE_INTTYPES_H 1
#define HAVE_LIBG2C 1
#define HAVE_LIBM 1
#define HAVE_MEMORY_H 1
#define HAVE_OSTREAM 1
#define HAVE_SSTREAM 1
#define HAVE_STDINT_H 1
#define HAVE_STDLIB_H 1
#define HAVE_STRINGS_H 1
#define HAVE_STRING_H 1
#define HAVE_SYS_STAT_H 1
#define HAVE_SYS_TYPES_H 1
#define HAVE_UNISTD_H 1
#define HAVE_ZLIB_H 1
#define PACKAGE "digi"
#define PACKAGE_BUGREPORT ""
#define PACKAGE_NAME ""
#define PACKAGE_STRING ""
#define PACKAGE_TARNAME ""
#define PACKAGE_VERSION ""
#define VERSION "v0r1p0"
#endif
#ifdef __cplusplus
extern "C" void std::exit (int) throw (); using std::exit;

configure: exit 0
